This file contains any messages produced by compilers while
running configure, to aid debugging if configure makes a mistake.

It was created by mynginx configure 4.1, which was
generated by GNU Autoconf 2.68.  Invocation command line was

  $ ./configure 

## --------- ##
## Platform. ##
## --------- ##

hostname = localhost.localdomain
uname -m = x86_64
uname -r = 3.8.8-100.fc17.x86_64
uname -s = Linux
uname -v = #1 SMP Wed Apr 17 17:15:40 UTC 2013

/usr/bin/uname -p = x86_64
/bin/uname -X     = unknown

/bin/arch              = x86_64
/usr/bin/arch -k       = unknown
/usr/convex/getsysinfo = unknown
/usr/bin/hostinfo      = unknown
/bin/machine           = unknown
/usr/bin/oslevel       = unknown
/bin/universe          = unknown

PATH: /usr/lib64/qt-3.3/bin
PATH: /usr/local/bin
PATH: /usr/bin
PATH: /bin
PATH: /usr/local/sbin
PATH: /usr/sbin
PATH: /home/child/.local/bin
PATH: /home/child/bin
PATH: /home/child/.local/bin
PATH: /home/child/bin


## ----------- ##
## Core tests. ##
## ----------- ##

configure:2139: checking for a BSD-compatible install
configure:2207: result: /usr/bin/install -c
configure:2218: checking whether build environment is sane
configure:2268: result: yes
configure:2409: checking for a thread-safe mkdir -p
configure:2448: result: /usr/bin/mkdir -p
configure:2461: checking for gawk
configure:2477: found /usr/bin/gawk
configure:2488: result: gawk
configure:2499: checking whether make sets $(MAKE)
configure:2521: result: yes
configure:2615: checking whether make supports nested variables
configure:2632: result: yes
configure:2675: checking build system type
configure:2689: result: x86_64-unknown-linux-gnu
configure:2709: checking host system type
configure:2722: result: x86_64-unknown-linux-gnu
configure:2763: checking how to print strings
configure:2790: result: printf
configure:2823: checking for style of include used by make
configure:2851: result: GNU
configure:2922: checking for gcc
configure:2938: found /usr/bin/gcc
configure:2949: result: gcc
configure:3178: checking for C compiler version
configure:3187: gcc --version >&5
gcc (GCC) 4.7.2 20120921 (Red Hat 4.7.2-2)
Copyright (C) 2012 Free Software Foundation, Inc.
This is free software; see the source for copying conditions.  There is NO
warranty; not even for MERCHANTABILITY or FITNESS FOR A PARTICULAR PURPOSE.

configure:3198: $? = 0
configure:3187: gcc -v >&5
Using built-in specs.
COLLECT_GCC=gcc
COLLECT_LTO_WRAPPER=/usr/libexec/gcc/x86_64-redhat-linux/4.7.2/lto-wrapper
Target: x86_64-redhat-linux
Configured with: ../configure --prefix=/usr --mandir=/usr/share/man --infodir=/usr/share/info --with-bugurl=http://bugzilla.redhat.com/bugzilla --enable-bootstrap --enable-shared --enable-threads=posix --enable-checking=release --disable-build-with-cxx --disable-build-poststage1-with-cxx --with-system-zlib --enable-__cxa_atexit --disable-libunwind-exceptions --enable-gnu-unique-object --enable-linker-build-id --with-linker-hash-style=gnu --enable-languages=c,c++,objc,obj-c++,java,fortran,ada,go,lto --enable-plugin --enable-initfini-array --enable-java-awt=gtk --disable-dssi --with-java-home=/usr/lib/jvm/java-1.5.0-gcj-1.5.0.0/jre --enable-libgcj-multifile --enable-java-maintainer-mode --with-ecj-jar=/usr/share/java/eclipse-ecj.jar --disable-libjava-multilib --with-ppl --with-cloog --with-tune=generic --with-arch_32=i686 --build=x86_64-redhat-linux
Thread model: posix
gcc version 4.7.2 20120921 (Red Hat 4.7.2-2) (GCC) 
configure:3198: $? = 0
configure:3187: gcc -V >&5
gcc: error: unrecognized command line option '-V'
gcc: fatal error: no input files
compilation terminated.
configure:3198: $? = 4
configure:3187: gcc -qversion >&5
gcc: error: unrecognized command line option '-qversion'
gcc: fatal error: no input files
compilation terminated.
configure:3198: $? = 4
configure:3218: checking whether the C compiler works
configure:3240: gcc    conftest.c  >&5
configure:3244: $? = 0
configure:3292: result: yes
configure:3295: checking for C compiler default output file name
configure:3297: result: a.out
configure:3303: checking for suffix of executables
configure:3310: gcc -o conftest    conftest.c  >&5
configure:3314: $? = 0
configure:3336: result: 
configure:3358: checking whether we are cross compiling
configure:3366: gcc -o conftest    conftest.c  >&5
configure:3370: $? = 0
configure:3377: ./conftest
configure:3381: $? = 0
configure:3396: result: no
configure:3401: checking for suffix of object files
configure:3423: gcc -c   conftest.c >&5
configure:3427: $? = 0
configure:3448: result: o
configure:3452: checking whether we are using the GNU C compiler
configure:3471: gcc -c   conftest.c >&5
configure:3471: $? = 0
configure:3480: result: yes
configure:3489: checking whether gcc accepts -g
configure:3509: gcc -c -g  conftest.c >&5
configure:3509: $? = 0
configure:3550: result: yes
configure:3567: checking for gcc option to accept ISO C89
configure:3631: gcc  -c -g -O2  conftest.c >&5
configure:3631: $? = 0
configure:3644: result: none needed
configure:3666: checking dependency style of gcc
configure:3777: result: gcc3
configure:3792: checking for a sed that does not truncate output
configure:3856: result: /usr/bin/sed
configure:3874: checking for grep that handles long lines and -e
configure:3932: result: /usr/bin/grep
configure:3937: checking for egrep
configure:3999: result: /usr/bin/grep -E
configure:4004: checking for fgrep
configure:4066: result: /usr/bin/grep -F
configure:4101: checking for ld used by gcc
configure:4168: result: /usr/bin/ld
configure:4175: checking if the linker (/usr/bin/ld) is GNU ld
configure:4190: result: yes
configure:4202: checking for BSD- or MS-compatible name lister (nm)
configure:4251: result: /usr/bin/nm -B
configure:4381: checking the name lister (/usr/bin/nm -B) interface
configure:4388: gcc -c -g -O2  conftest.c >&5
configure:4391: /usr/bin/nm -B "conftest.o"
configure:4394: output
0000000000000000 B some_variable
configure:4401: result: BSD nm
configure:4404: checking whether ln -s works
configure:4408: result: yes
configure:4416: checking the maximum length of command line arguments
configure:4546: result: 1572864
configure:4563: checking whether the shell understands some XSI constructs
configure:4573: result: yes
configure:4577: checking whether the shell understands "+="
configure:4583: result: yes
configure:4618: checking how to convert x86_64-unknown-linux-gnu file names to x86_64-unknown-linux-gnu format
configure:4658: result: func_convert_file_noop
configure:4665: checking how to convert x86_64-unknown-linux-gnu file names to toolchain format
configure:4685: result: func_convert_file_noop
configure:4692: checking for /usr/bin/ld option to reload object files
configure:4699: result: -r
configure:4773: checking for objdump
configure:4789: found /usr/bin/objdump
configure:4800: result: objdump
configure:4832: checking how to recognize dependent libraries
configure:5034: result: pass_all
configure:5119: checking for dlltool
configure:5149: result: no
configure:5179: checking how to associate runtime and link libraries
configure:5206: result: printf %s\n
configure:5267: checking for ar
configure:5283: found /usr/bin/ar
configure:5294: result: ar
configure:5331: checking for archiver @FILE support
configure:5348: gcc -c -g -O2  conftest.c >&5
configure:5348: $? = 0
configure:5351: ar cru libconftest.a @conftest.lst >&5
configure:5354: $? = 0
configure:5359: ar cru libconftest.a @conftest.lst >&5
ar: conftest.o: No such file or directory
configure:5362: $? = 1
configure:5374: result: @
configure:5432: checking for strip
configure:5448: found /usr/bin/strip
configure:5459: result: strip
configure:5531: checking for ranlib
configure:5547: found /usr/bin/ranlib
configure:5558: result: ranlib
configure:5660: checking command to parse /usr/bin/nm -B output from gcc object
configure:5780: gcc -c -g -O2  conftest.c >&5
configure:5783: $? = 0
configure:5787: /usr/bin/nm -B conftest.o \| sed -n -e 's/^.*[ ]\([ABCDGIRSTW][ABCDGIRSTW]*\)[ ][ ]*\([_A-Za-z][_A-Za-z0-9]*\)$/\1 \2 \2/p' | sed '/ __gnu_lto/d' \> conftest.nm
configure:5790: $? = 0
configure:5856: gcc -o conftest -g -O2   conftest.c conftstm.o >&5
configure:5859: $? = 0
configure:5897: result: ok
configure:5934: checking for sysroot
configure:5964: result: no
configure:6041: gcc -c -g -O2  conftest.c >&5
configure:6044: $? = 0
configure:6220: checking for mt
configure:6250: result: no
configure:6270: checking if : is a manifest tool
configure:6276: : '-?'
configure:6284: result: no
configure:6926: checking how to run the C preprocessor
configure:6957: gcc -E  conftest.c
configure:6957: $? = 0
configure:6971: gcc -E  conftest.c
conftest.c:11:28: fatal error: ac_nonexistent.h: No such file or directory
compilation terminated.
configure:6971: $? = 1
configure: failed program was:
| /* confdefs.h */
| #define PACKAGE_NAME "mynginx"
| #define PACKAGE_TARNAME "mynginx"
| #define PACKAGE_VERSION "4.1"
| #define PACKAGE_STRING "mynginx 4.1"
| #define PACKAGE_BUGREPORT "xiewenlong@redflag-linux.com"
| #define PACKAGE_URL "http://www.baidu.com"
| #define PACKAGE "mynginx"
| #define VERSION "4.1"
| /* end confdefs.h.  */
| #include <ac_nonexistent.h>
configure:6996: result: gcc -E
configure:7016: gcc -E  conftest.c
configure:7016: $? = 0
configure:7030: gcc -E  conftest.c
conftest.c:11:28: fatal error: ac_nonexistent.h: No such file or directory
compilation terminated.
configure:7030: $? = 1
configure: failed program was:
| /* confdefs.h */
| #define PACKAGE_NAME "mynginx"
| #define PACKAGE_TARNAME "mynginx"
| #define PACKAGE_VERSION "4.1"
| #define PACKAGE_STRING "mynginx 4.1"
| #define PACKAGE_BUGREPORT "xiewenlong@redflag-linux.com"
| #define PACKAGE_URL "http://www.baidu.com"
| #define PACKAGE "mynginx"
| #define VERSION "4.1"
| /* end confdefs.h.  */
| #include <ac_nonexistent.h>
configure:7059: checking for ANSI C header files
configure:7079: gcc -c -g -O2  conftest.c >&5
configure:7079: $? = 0
configure:7152: gcc -o conftest -g -O2   conftest.c  >&5
configure:7152: $? = 0
configure:7152: ./conftest
configure:7152: $? = 0
configure:7163: result: yes
configure:7176: checking for sys/types.h
configure:7176: gcc -c -g -O2  conftest.c >&5
configure:7176: $? = 0
configure:7176: result: yes
configure:7176: checking for sys/stat.h
configure:7176: gcc -c -g -O2  conftest.c >&5
configure:7176: $? = 0
configure:7176: result: yes
configure:7176: checking for stdlib.h
configure:7176: gcc -c -g -O2  conftest.c >&5
configure:7176: $? = 0
configure:7176: result: yes
configure:7176: checking for string.h
configure:7176: gcc -c -g -O2  conftest.c >&5
configure:7176: $? = 0
configure:7176: result: yes
configure:7176: checking for memory.h
configure:7176: gcc -c -g -O2  conftest.c >&5
configure:7176: $? = 0
configure:7176: result: yes
configure:7176: checking for strings.h
configure:7176: gcc -c -g -O2  conftest.c >&5
configure:7176: $? = 0
configure:7176: result: yes
configure:7176: checking for inttypes.h
configure:7176: gcc -c -g -O2  conftest.c >&5
configure:7176: $? = 0
configure:7176: result: yes
configure:7176: checking for stdint.h
configure:7176: gcc -c -g -O2  conftest.c >&5
configure:7176: $? = 0
configure:7176: result: yes
configure:7176: checking for unistd.h
configure:7176: gcc -c -g -O2  conftest.c >&5
configure:7176: $? = 0
configure:7176: result: yes
configure:7190: checking for dlfcn.h
configure:7190: gcc -c -g -O2  conftest.c >&5
configure:7190: $? = 0
configure:7190: result: yes
configure:7396: checking for objdir
configure:7411: result: .libs
configure:7678: checking if gcc supports -fno-rtti -fno-exceptions
configure:7696: gcc -c -g -O2  -fno-rtti -fno-exceptions conftest.c >&5
cc1: warning: command line option '-fno-rtti' is valid for C++/ObjC++ but not for C [enabled by default]
configure:7700: $? = 0
configure:7713: result: no
configure:8040: checking for gcc option to produce PIC
configure:8047: result: -fPIC -DPIC
configure:8055: checking if gcc PIC flag -fPIC -DPIC works
configure:8073: gcc -c -g -O2  -fPIC -DPIC -DPIC conftest.c >&5
configure:8077: $? = 0
configure:8090: result: yes
configure:8119: checking if gcc static flag -static works
configure:8147: result: no
configure:8162: checking if gcc supports -c -o file.o
configure:8183: gcc -c -g -O2  -o out/conftest2.o conftest.c >&5
configure:8187: $? = 0
configure:8209: result: yes
configure:8217: checking if gcc supports -c -o file.o
configure:8264: result: yes
configure:8297: checking whether the gcc linker (/usr/bin/ld -m elf_x86_64) supports shared libraries
configure:9450: result: yes
configure:9487: checking whether -lc should be explicitly linked in
configure:9495: gcc -c -g -O2  conftest.c >&5
configure:9498: $? = 0
configure:9513: gcc -shared  -fPIC -DPIC conftest.o  -v -Wl,-soname -Wl,conftest -o conftest 2\>\&1 \| /usr/bin/grep  -lc  \>/dev/null 2\>\&1
configure:9516: $? = 0
configure:9530: result: no
configure:9690: checking dynamic linker characteristics
configure:10201: gcc -o conftest -g -O2   -Wl,-rpath -Wl,/foo conftest.c  >&5
configure:10201: $? = 0
configure:10427: result: GNU/Linux ld.so
configure:10534: checking how to hardcode library paths into programs
configure:10559: result: immediate
configure:11099: checking whether stripping libraries is possible
configure:11104: result: yes
configure:11139: checking if libtool supports shared libraries
configure:11141: result: yes
configure:11144: checking whether to build shared libraries
configure:11165: result: yes
configure:11168: checking whether to build static libraries
configure:11172: result: yes
configure:11257: checking for gcc
configure:11284: result: gcc
configure:11513: checking for C compiler version
configure:11522: gcc --version >&5
gcc (GCC) 4.7.2 20120921 (Red Hat 4.7.2-2)
Copyright (C) 2012 Free Software Foundation, Inc.
This is free software; see the source for copying conditions.  There is NO
warranty; not even for MERCHANTABILITY or FITNESS FOR A PARTICULAR PURPOSE.

configure:11533: $? = 0
configure:11522: gcc -v >&5
Using built-in specs.
COLLECT_GCC=gcc
COLLECT_LTO_WRAPPER=/usr/libexec/gcc/x86_64-redhat-linux/4.7.2/lto-wrapper
Target: x86_64-redhat-linux
Configured with: ../configure --prefix=/usr --mandir=/usr/share/man --infodir=/usr/share/info --with-bugurl=http://bugzilla.redhat.com/bugzilla --enable-bootstrap --enable-shared --enable-threads=posix --enable-checking=release --disable-build-with-cxx --disable-build-poststage1-with-cxx --with-system-zlib --enable-__cxa_atexit --disable-libunwind-exceptions --enable-gnu-unique-object --enable-linker-build-id --with-linker-hash-style=gnu --enable-languages=c,c++,objc,obj-c++,java,fortran,ada,go,lto --enable-plugin --enable-initfini-array --enable-java-awt=gtk --disable-dssi --with-java-home=/usr/lib/jvm/java-1.5.0-gcj-1.5.0.0/jre --enable-libgcj-multifile --enable-java-maintainer-mode --with-ecj-jar=/usr/share/java/eclipse-ecj.jar --disable-libjava-multilib --with-ppl --with-cloog --with-tune=generic --with-arch_32=i686 --build=x86_64-redhat-linux
Thread model: posix
gcc version 4.7.2 20120921 (Red Hat 4.7.2-2) (GCC) 
configure:11533: $? = 0
configure:11522: gcc -V >&5
gcc: error: unrecognized command line option '-V'
gcc: fatal error: no input files
compilation terminated.
configure:11533: $? = 4
configure:11522: gcc -qversion >&5
gcc: error: unrecognized command line option '-qversion'
gcc: fatal error: no input files
compilation terminated.
configure:11533: $? = 4
configure:11537: checking whether we are using the GNU C compiler
configure:11565: result: yes
configure:11574: checking whether gcc accepts -g
configure:11635: result: yes
configure:11652: checking for gcc option to accept ISO C89
configure:11729: result: none needed
configure:11751: checking dependency style of gcc
configure:11862: result: gcc3
configure:12016: creating ./config.status

## ---------------------- ##
## Running config.status. ##
## ---------------------- ##

This file was extended by mynginx config.status 4.1, which was
generated by GNU Autoconf 2.68.  Invocation command line was

  CONFIG_FILES    = 
  CONFIG_HEADERS  = 
  CONFIG_LINKS    = 
  CONFIG_COMMANDS = 
  $ ./config.status 

on localhost.localdomain

config.status:1094: creating Makefile
config.status:1094: creating src/Makefile
config.status:1094: creating config.h
config.status:1323: executing depfiles commands
config.status:1323: executing libtool commands

## ---------------- ##
## Cache variables. ##
## ---------------- ##

ac_cv_build=x86_64-unknown-linux-gnu
ac_cv_c_compiler_gnu=yes
ac_cv_env_CC_set=
ac_cv_env_CC_value=
ac_cv_env_CFLAGS_set=
ac_cv_env_CFLAGS_value=
ac_cv_env_CPPFLAGS_set=
ac_cv_env_CPPFLAGS_value=
ac_cv_env_CPP_set=
ac_cv_env_CPP_value=
ac_cv_env_LDFLAGS_set=
ac_cv_env_LDFLAGS_value=
ac_cv_env_LIBS_set=
ac_cv_env_LIBS_value=
ac_cv_env_build_alias_set=
ac_cv_env_build_alias_value=
ac_cv_env_host_alias_set=
ac_cv_env_host_alias_value=
ac_cv_env_target_alias_set=
ac_cv_env_target_alias_value=
ac_cv_header_dlfcn_h=yes
ac_cv_header_inttypes_h=yes
ac_cv_header_memory_h=yes
ac_cv_header_stdc=yes
ac_cv_header_stdint_h=yes
ac_cv_header_stdlib_h=yes
ac_cv_header_string_h=yes
ac_cv_header_strings_h=yes
ac_cv_header_sys_stat_h=yes
ac_cv_header_sys_types_h=yes
ac_cv_header_unistd_h=yes
ac_cv_host=x86_64-unknown-linux-gnu
ac_cv_objext=o
ac_cv_path_EGREP='/usr/bin/grep -E'
ac_cv_path_FGREP='/usr/bin/grep -F'
ac_cv_path_GREP=/usr/bin/grep
ac_cv_path_SED=/usr/bin/sed
ac_cv_path_install='/usr/bin/install -c'
ac_cv_path_mkdir=/usr/bin/mkdir
ac_cv_prog_AWK=gawk
ac_cv_prog_CPP='gcc -E'
ac_cv_prog_ac_ct_AR=ar
ac_cv_prog_ac_ct_CC=gcc
ac_cv_prog_ac_ct_OBJDUMP=objdump
ac_cv_prog_ac_ct_RANLIB=ranlib
ac_cv_prog_ac_ct_STRIP=strip
ac_cv_prog_cc_c89=
ac_cv_prog_cc_g=yes
ac_cv_prog_make_make_set=yes
am_cv_CC_dependencies_compiler_type=gcc3
am_cv_make_support_nested_variables=yes
lt_cv_ar_at_file=@
lt_cv_archive_cmds_need_lc=no
lt_cv_deplibs_check_method=pass_all
lt_cv_file_magic_cmd='$MAGIC_CMD'
lt_cv_file_magic_test_file=
lt_cv_ld_reload_flag=-r
lt_cv_nm_interface='BSD nm'
lt_cv_objdir=.libs
lt_cv_path_LD=/usr/bin/ld
lt_cv_path_NM='/usr/bin/nm -B'
lt_cv_path_mainfest_tool=no
lt_cv_prog_compiler_c_o=yes
lt_cv_prog_compiler_pic='-fPIC -DPIC'
lt_cv_prog_compiler_pic_works=yes
lt_cv_prog_compiler_rtti_exceptions=no
lt_cv_prog_compiler_static_works=no
lt_cv_prog_gnu_ld=yes
lt_cv_sharedlib_from_linklib_cmd='printf %s\n'
lt_cv_shlibpath_overrides_runpath=no
lt_cv_sys_global_symbol_pipe='sed -n -e '\''s/^.*[	 ]\([ABCDGIRSTW][ABCDGIRSTW]*\)[	 ][	 ]*\([_A-Za-z][_A-Za-z0-9]*\)$/\1 \2 \2/p'\'' | sed '\''/ __gnu_lto/d'\'''
lt_cv_sys_global_symbol_to_c_name_address='sed -n -e '\''s/^: \([^ ]*\)[ ]*$/  {\"\1\", (void *) 0},/p'\'' -e '\''s/^[ABCDGIRSTW]* \([^ ]*\) \([^ ]*\)$/  {"\2", (void *) \&\2},/p'\'''
lt_cv_sys_global_symbol_to_c_name_address_lib_prefix='sed -n -e '\''s/^: \([^ ]*\)[ ]*$/  {\"\1\", (void *) 0},/p'\'' -e '\''s/^[ABCDGIRSTW]* \([^ ]*\) \(lib[^ ]*\)$/  {"\2", (void *) \&\2},/p'\'' -e '\''s/^[ABCDGIRSTW]* \([^ ]*\) \([^ ]*\)$/  {"lib\2", (void *) \&\2},/p'\'''
lt_cv_sys_global_symbol_to_cdecl='sed -n -e '\''s/^T .* \(.*\)$/extern int \1();/p'\'' -e '\''s/^[ABCDGIRSTW]* .* \(.*\)$/extern char \1;/p'\'''
lt_cv_sys_max_cmd_len=1572864
lt_cv_to_host_file_cmd=func_convert_file_noop
lt_cv_to_tool_file_cmd=func_convert_file_noop

## ----------------- ##
## Output variables. ##
## ----------------- ##

ACLOCAL='${SHELL} /home/child/downloads/Yunio/my_nginx/my/missing --run aclocal-1.11'
AMDEPBACKSLASH='\'
AMDEP_FALSE='#'
AMDEP_TRUE=''
AMTAR='$${TAR-tar}'
AM_BACKSLASH='\'
AM_DEFAULT_V='$(AM_DEFAULT_VERBOSITY)'
AM_DEFAULT_VERBOSITY='0'
AM_V='$(V)'
AR='ar'
AUTOCONF='${SHELL} /home/child/downloads/Yunio/my_nginx/my/missing --run autoconf'
AUTOHEADER='${SHELL} /home/child/downloads/Yunio/my_nginx/my/missing --run autoheader'
AUTOMAKE='${SHELL} /home/child/downloads/Yunio/my_nginx/my/missing --run automake-1.11'
AWK='gawk'
CC='gcc'
CCDEPMODE='depmode=gcc3'
CFLAGS='-g -O2'
CPP='gcc -E'
CPPFLAGS=''
CYGPATH_W='echo'
DEFS='-DHAVE_CONFIG_H'
DEPDIR='.deps'
DLLTOOL='false'
DSYMUTIL=''
DUMPBIN=''
ECHO_C=''
ECHO_N='-n'
ECHO_T=''
EGREP='/usr/bin/grep -E'
EXEEXT=''
FGREP='/usr/bin/grep -F'
GREP='/usr/bin/grep'
INSTALL_DATA='${INSTALL} -m 644'
INSTALL_PROGRAM='${INSTALL}'
INSTALL_SCRIPT='${INSTALL}'
INSTALL_STRIP_PROGRAM='$(install_sh) -c -s'
LD='/usr/bin/ld -m elf_x86_64'
LDFLAGS=''
LIBOBJS=''
LIBS=''
LIBTOOL='$(SHELL) $(top_builddir)/libtool'
LIPO=''
LN_S='ln -s'
LTLIBOBJS=''
MAKEINFO='${SHELL} /home/child/downloads/Yunio/my_nginx/my/missing --run makeinfo'
MANIFEST_TOOL=':'
MKDIR_P='/usr/bin/mkdir -p'
NM='/usr/bin/nm -B'
NMEDIT=''
OBJDUMP='objdump'
OBJEXT='o'
OTOOL64=''
OTOOL=''
PACKAGE='mynginx'
PACKAGE_BUGREPORT='xiewenlong@redflag-linux.com'
PACKAGE_NAME='mynginx'
PACKAGE_STRING='mynginx 4.1'
PACKAGE_TARNAME='mynginx'
PACKAGE_URL='http://www.baidu.com'
PACKAGE_VERSION='4.1'
PATH_SEPARATOR=':'
RANLIB='ranlib'
SED='/usr/bin/sed'
SET_MAKE=''
SHELL='/bin/sh'
STRIP='strip'
VERSION='4.1'
ac_ct_AR='ar'
ac_ct_CC='gcc'
ac_ct_DUMPBIN=''
am__EXEEXT_FALSE=''
am__EXEEXT_TRUE='#'
am__fastdepCC_FALSE='#'
am__fastdepCC_TRUE=''
am__include='include'
am__isrc=''
am__leading_dot='.'
am__nodep='_no'
am__quote=''
am__tar='$${TAR-tar} chof - "$$tardir"'
am__untar='$${TAR-tar} xf -'
bindir='${exec_prefix}/bin'
build='x86_64-unknown-linux-gnu'
build_alias=''
build_cpu='x86_64'
build_os='linux-gnu'
build_vendor='unknown'
datadir='${datarootdir}'
datarootdir='${prefix}/share'
docdir='${datarootdir}/doc/${PACKAGE_TARNAME}'
dvidir='${docdir}'
exec_prefix='${prefix}'
host='x86_64-unknown-linux-gnu'
host_alias=''
host_cpu='x86_64'
host_os='linux-gnu'
host_vendor='unknown'
htmldir='${docdir}'
includedir='${prefix}/include'
infodir='${datarootdir}/info'
install_sh='${SHELL} /home/child/downloads/Yunio/my_nginx/my/install-sh'
libdir='${exec_prefix}/lib'
libexecdir='${exec_prefix}/libexec'
localedir='${datarootdir}/locale'
localstatedir='${prefix}/var'
mandir='${datarootdir}/man'
mkdir_p='/usr/bin/mkdir -p'
oldincludedir='/usr/include'
pdfdir='${docdir}'
prefix='/usr/local'
program_transform_name='s,x,x,'
psdir='${docdir}'
sbindir='${exec_prefix}/sbin'
sharedstatedir='${prefix}/com'
sysconfdir='${prefix}/etc'
target_alias=''

## ----------- ##
## confdefs.h. ##
## ----------- ##

/* confdefs.h */
#define PACKAGE_NAME "mynginx"
#define PACKAGE_TARNAME "mynginx"
#define PACKAGE_VERSION "4.1"
#define PACKAGE_STRING "mynginx 4.1"
#define PACKAGE_BUGREPORT "xiewenlong@redflag-linux.com"
#define PACKAGE_URL "http://www.baidu.com"
#define PACKAGE "mynginx"
#define VERSION "4.1"
#define STDC_HEADERS 1
#define HAVE_SYS_TYPES_H 1
#define HAVE_SYS_STAT_H 1
#define HAVE_STDLIB_H 1
#define HAVE_STRING_H 1
#define HAVE_MEMORY_H 1
#define HAVE_STRINGS_H 1
#define HAVE_INTTYPES_H 1
#define HAVE_STDINT_H 1
#define HAVE_UNISTD_H 1
#define HAVE_DLFCN_H 1
#define LT_OBJDIR ".libs/"

configure: exit 0
